<?xml version="1.0" encoding="UTF-8"?>
<!-- Generated by org.testng.reporters.JUnitReportReporter -->
<testsuite hostname="DESKTOP-ALRR2OT" failures="0" tests="3" name="com.tutorialsninja.testcases.Search" time="26.166" errors="0" timestamp="2024-03-17T15:02:36 IST" skipped="0">
  <testcase classname="com.tutorialsninja.testcases.Search" name="verifySearchWithInvalid" time="8.759"/>
  <testcase classname="com.tutorialsninja.testcases.Search" name="verifySearchWithValid" time="8.704"/>
  <testcase classname="com.tutorialsninja.testcases.Search" name="verifySearchWithNoInput" time="8.703"/>
</testsuite> <!-- com.tutorialsninja.testcases.Search -->
