<?xml version="1.0" encoding="UTF-8"?>
<!-- Generated by org.testng.reporters.JUnitReportReporter -->
<testsuite hostname="DESKTOP-ALRR2OT" failures="0" tests="3" name="com.tutorialsninja.testcases.Register" time="40.937" errors="0" timestamp="2024-03-17T15:02:36 IST" skipped="0">
  <testcase classname="com.tutorialsninja.testcases.Register" name="verifyRegisterWithMandatFields" time="12.001"/>
  <testcase classname="com.tutorialsninja.testcases.Register" name="verifyRegisterprovidingAllFields" time="14.651"/>
  <testcase classname="com.tutorialsninja.testcases.Register" name="verifyRegisterProvidingExistingEmailId" time="14.285"/>
</testsuite> <!-- com.tutorialsninja.testcases.Register -->
